<testsuites id="" name="" tests="1" failures="1" skipped="0" errors="0" time="1.4911020000000001">
<testsuite name="starter/smoke.e2e.ts" timestamp="2025-07-08T07:06:59.539Z" hostname="chromium" tests="1" failures="1" skipped="0" time="0.825" errors="0">
<testcase name="Starter App - 性能测试 › 应该没有控制台错误" classname="starter/smoke.e2e.ts" time="0.825">
<failure message="smoke.e2e.ts:76:3 应该没有控制台错误" type="FAILURE">
<![CDATA[  [chromium] › starter/smoke.e2e.ts:76:3 › Starter App - 性能测试 › 应该没有控制台错误 ──────────────────────────

    Error: expect(received).toHaveLength(expected)

    Expected length: 0
    Received length: 4
    Received array:  ["Page error: Unexpected token '<'", "Page error: Unexpected token '<'", "Console error: Global error: ErrorEvent", "Console error: Global error: ErrorEvent"]

      119 |     }
      120 |
    > 121 |     expect(criticalErrors).toHaveLength(0)
          |                            ^
      122 |   })
      123 | })
      124 |
        at /home/laofahai/workspace/linch-kit/e2e/starter/smoke.e2e.ts:121:28

    attachment #1: screenshot (image/png) ──────────────────────────────────────────────────────────
    test-results/starter-smoke.e2e.ts-Starter-App---性能测试-应该没有控制台错误-chromium/test-failed-1.png
    ────────────────────────────────────────────────────────────────────────────────────────────────

    Error Context: ../test-results/starter-smoke.e2e.ts-Starter-App---性能测试-应该没有控制台错误-chromium/error-context.md
]]>
</failure>
<system-out>
<![CDATA[Console messages: [
  [32m'Console info: LinchKit Starter 应用启动 {timestamp: 2025-07-08T07:07:00.178Z}'[39m,
  [32m'Console info: LinchKit 核心功能初始化完成 {pluginCount: 0}'[39m,
  [32m'Console log: Vercel Analytics initialized'[39m,
  [32m'Console info: 页面加载性能 {loadTime: 0, renderTime: 0, domContentLoaded: 15.899999999906868, firstContentfulPaint: 108.30000000004657, url: http://localhost:3000/}'[39m,
  [32m'Console error: Global error: ErrorEvent'[39m,
  [32m'Console error: Global error: ErrorEvent'[39m
]
Page errors: [
  [32m"Page error: Unexpected token '<'"[39m,
  [32m"Page error: Unexpected token '<'"[39m
]
Global errors: [ [32m'Global error: Error'[39m, [32m'Global error: Error'[39m ]

[[ATTACHMENT|starter-smoke.e2e.ts-Starter-App---性能测试-应该没有控制台错误-chromium/test-failed-1.png]]

[[ATTACHMENT|starter-smoke.e2e.ts-Starter-App---性能测试-应该没有控制台错误-chromium/error-context.md]]
]]>
</system-out>
<system-err>
<![CDATA[Found global errors (temporarily ignored): [ [32m'Global error: Error'[39m, [32m'Global error: Error'[39m ]
]]>
</system-err>
</testcase>
</testsuite>
</testsuites>